Determining if the pthread_create exist failed with the following output:
Change Dir: /home/naslab/husky_devel/build/CMakeFiles/CMakeTmp

Run Build Command:/usr/bin/make "cmTryCompileExec805079166/fast"
/usr/bin/make -f CMakeFiles/cmTryCompileExec805079166.dir/build.make CMakeFiles/cmTryCompileExec805079166.dir/build
make[1]: Entering directory `/home/naslab/husky_devel/build/CMakeFiles/CMakeTmp'
/usr/bin/cmake -E cmake_progress_report /home/naslab/husky_devel/build/CMakeFiles/CMakeTmp/CMakeFiles 1
Building C object CMakeFiles/cmTryCompileExec805079166.dir/CheckSymbolExists.c.o
/usr/bin/cc    -o CMakeFiles/cmTryCompileExec805079166.dir/CheckSymbolExists.c.o   -c /home/naslab/husky_devel/build/CMakeFiles/CMakeTmp/CheckSymbolExists.c
Linking C executable cmTryCompileExec805079166
/usr/bin/cmake -E cmake_link_script CMakeFiles/cmTryCompileExec805079166.dir/link.txt --verbose=1
/usr/bin/cc       CMakeFiles/cmTryCompileExec805079166.dir/CheckSymbolExists.c.o  -o cmTryCompileExec805079166 -rdynamic 
CMakeFiles/cmTryCompileExec805079166.dir/CheckSymbolExists.c.o: In function `main':
CheckSymbolExists.c:(.text+0x16): undefined reference to `pthread_create'
collect2: error: ld returned 1 exit status
make[1]: Leaving directory `/home/naslab/husky_devel/build/CMakeFiles/CMakeTmp'
make[1]: *** [cmTryCompileExec805079166] Error 1
make: *** [cmTryCompileExec805079166/fast] Error 2

File /home/naslab/husky_devel/build/CMakeFiles/CMakeTmp/CheckSymbolExists.c:
/* */
#include <pthread.h>

int main(int argc, char** argv)
{
  (void)argv;
#ifndef pthread_create
  return ((int*)(&pthread_create))[argc];
#else
  (void)argc;
  return 0;
#endif
}

Determining if the function pthread_create exists in the pthreads failed with the following output:
Change Dir: /home/naslab/husky_devel/build/CMakeFiles/CMakeTmp

Run Build Command:/usr/bin/make "cmTryCompileExec4052336399/fast"
/usr/bin/make -f CMakeFiles/cmTryCompileExec4052336399.dir/build.make CMakeFiles/cmTryCompileExec4052336399.dir/build
make[1]: Entering directory `/home/naslab/husky_devel/build/CMakeFiles/CMakeTmp'
/usr/bin/cmake -E cmake_progress_report /home/naslab/husky_devel/build/CMakeFiles/CMakeTmp/CMakeFiles 1
Building C object CMakeFiles/cmTryCompileExec4052336399.dir/CheckFunctionExists.c.o
/usr/bin/cc   -DCHECK_FUNCTION_EXISTS=pthread_create   -o CMakeFiles/cmTryCompileExec4052336399.dir/CheckFunctionExists.c.o   -c /usr/share/cmake-2.8/Modules/CheckFunctionExists.c
Linking C executable cmTryCompileExec4052336399
/usr/bin/cmake -E cmake_link_script CMakeFiles/cmTryCompileExec4052336399.dir/link.txt --verbose=1
/usr/bin/cc   -DCHECK_FUNCTION_EXISTS=pthread_create    CMakeFiles/cmTryCompileExec4052336399.dir/CheckFunctionExists.c.o  -o cmTryCompileExec4052336399 -rdynamic -lpthreads 
/usr/bin/ld: cannot find -lpthreads
collect2: error: ld returned 1 exit status
make[1]: *** [cmTryCompileExec4052336399] Error 1
make[1]: Leaving directory `/home/naslab/husky_devel/build/CMakeFiles/CMakeTmp'
make: *** [cmTryCompileExec4052336399/fast] Error 2


